2020-08-19 19:28:29,545 INFO PERFORMANCE:|0|0|-1|-1

2020-08-19 19:33:29,555 INFO PERFORMANCE:|0|0|-1|-1

2020-08-19 19:38:29,567 INFO PERFORMANCE:|0|0|-1|-1

2020-08-19 19:43:29,577 INFO PERFORMANCE:|0|0|-1|-1

2020-08-19 19:48:29,589 INFO PERFORMANCE:|0|0|-1|-1

2020-08-19 19:53:29,602 INFO PERFORMANCE:|0|0|-1|-1

2020-08-19 19:58:29,616 INFO PERFORMANCE:|0|0|-1|-1

2020-08-19 20:03:29,626 INFO PERFORMANCE:|0|0|-1|-1

2020-08-19 20:08:29,655 INFO PERFORMANCE:|0|0|-1|-1

2020-08-19 20:13:29,664 INFO PERFORMANCE:|0|0|-1|-1

2020-08-19 20:18:29,676 INFO PERFORMANCE:|0|0|-1|-1

2020-08-19 20:23:29,691 INFO PERFORMANCE:|0|0|-1|-1

2020-08-19 20:28:29,705 INFO PERFORMANCE:|0|0|-1|-1

2020-08-19 20:33:29,719 INFO PERFORMANCE:|0|0|-1|-1

2020-08-19 20:38:29,733 INFO PERFORMANCE:|0|0|-1|-1

2020-08-19 20:43:29,746 INFO PERFORMANCE:|0|0|-1|-1

2020-08-19 20:48:29,759 INFO PERFORMANCE:|0|0|-1|-1

2020-08-19 20:53:29,785 INFO PERFORMANCE:|0|0|-1|-1

2020-08-19 20:58:29,800 INFO PERFORMANCE:|0|0|-1|-1

2020-08-19 21:03:29,809 INFO PERFORMANCE:|0|0|-1|-1

2020-08-19 21:08:29,821 INFO PERFORMANCE:|0|0|-1|-1

