/Library/java/JavaVirtualMachines/jdk1.8.0_221.jdk/Contents/Home/bin/java  -Xms512m -Xmx512m -Xmn256m -Dnacos.standalone=true -Dnacos.member.list= -Djava.ext.dirs=/Library/java/JavaVirtualMachines/jdk1.8.0_221.jdk/Contents/Home/jre/lib/ext:/Library/java/JavaVirtualMachines/jdk1.8.0_221.jdk/Contents/Home/lib/ext -Xloggc:/Users/liuzhuang/Project/LIUZHUANG/NC/nacos/distribution/logs/nacos_gc.log -verbose:gc -XX:+PrintGCDetails -XX:+PrintGCDateStamps -XX:+PrintGCTimeStamps -XX:+UseGCLogFileRotation -XX:NumberOfGCLogFiles=10 -XX:GCLogFileSize=100M -Dloader.path=/Users/liuzhuang/Project/LIUZHUANG/NC/nacos/distribution/plugins/health,/Users/liuzhuang/Project/LIUZHUANG/NC/nacos/distribution/plugins/cmdb -Dnacos.home=/Users/liuzhuang/Project/LIUZHUANG/NC/nacos/distribution -jar /Users/liuzhuang/Project/LIUZHUANG/NC/nacos/distribution/target/nacos-server.jar  --spring.config.location=classpath:/,classpath:/config/,file:./,file:./config/,file:/Users/liuzhuang/Project/LIUZHUANG/NC/nacos/distribution/conf/ --logging.config=/Users/liuzhuang/Project/LIUZHUANG/NC/nacos/distribution/conf/nacos-logback.xml --server.max-http-header-size=524288

         ,--.
       ,--.'|
   ,--,:  : |                                           Nacos 1.4.0-SNAPSHOT
,`--.'`|  ' :                       ,---.               Running in stand alone mode, All function modules
|   :  :  | |                      '   ,'\   .--.--.    Port: 8848
:   |   \ | :  ,--.--.     ,---.  /   /   | /  /    '   Pid: 21716
|   : '  '; | /       \   /     \.   ; ,. :|  :  /`./   Console: http://192.168.0.121:8848/nacos/index.html
'   ' ;.    ;.--.  .-. | /    / ''   | |: :|  :  ;_
|   | | \   | \__\/: . ..    ' / '   | .; : \  \    `.      https://nacos.io
'   : |  ; .' ," .--.; |'   ; :__|   :    |  `----.   \
|   | '`--'  /  /  ,.  |'   | '.'|\   \  /  /  /`--'  /
'   : |     ;  :   .'   \   :    : `----'  '--'.     /
;   |.'     |  ,     .-./\   \  /            `--'---'
'---'        `--`---'     `----'

2020-08-19 19:27:51,977 INFO Bean 'org.springframework.security.access.expression.method.DefaultMethodSecurityExpressionHandler@df6620a' of type [org.springframework.security.access.expression.method.DefaultMethodSecurityExpressionHandler] is not eligible for getting processed by all BeanPostProcessors (for example: not eligible for auto-proxying)

2020-08-19 19:27:51,986 INFO Bean 'methodSecurityMetadataSource' of type [org.springframework.security.access.method.DelegatingMethodSecurityMetadataSource] is not eligible for getting processed by all BeanPostProcessors (for example: not eligible for auto-proxying)

2020-08-19 19:27:52,848 INFO Tomcat initialized with port(s): 8848 (http)

2020-08-19 19:27:53,597 INFO Root WebApplicationContext: initialization completed in 8398 ms

2020-08-19 19:28:02,630 INFO Initializing ExecutorService 'applicationTaskExecutor'

2020-08-19 19:28:04,107 INFO Adding welcome page: class path resource [static/index.html]

2020-08-19 19:28:06,645 INFO Creating filter chain: Ant [pattern='/**'], []

2020-08-19 19:28:06,886 INFO Creating filter chain: any request, [org.springframework.security.web.context.request.async.WebAsyncManagerIntegrationFilter@4d411036, org.springframework.security.web.context.SecurityContextPersistenceFilter@74f7d1d2, org.springframework.security.web.header.HeaderWriterFilter@7fe083b1, org.springframework.security.web.csrf.CsrfFilter@2a492f2a, org.springframework.security.web.authentication.logout.LogoutFilter@2db2dd9d, org.springframework.security.web.savedrequest.RequestCacheAwareFilter@5ca17ab0, org.springframework.security.web.servletapi.SecurityContextHolderAwareRequestFilter@35293c05, org.springframework.security.web.authentication.AnonymousAuthenticationFilter@7adbd080, org.springframework.security.web.session.SessionManagementFilter@486be205, org.springframework.security.web.access.ExceptionTranslationFilter@16afbd92]

2020-08-19 19:28:07,140 INFO Initializing ExecutorService 'taskScheduler'

2020-08-19 19:28:07,186 INFO Exposing 2 endpoint(s) beneath base path '/actuator'

2020-08-19 19:28:07,433 INFO Tomcat started on port(s): 8848 (http) with context path '/nacos'

2020-08-19 19:28:07,443 INFO Nacos Log files: /Users/liuzhuang/Project/LIUZHUANG/NC/nacos/distribution/logs

2020-08-19 19:28:07,448 INFO Nacos Log files: /Users/liuzhuang/Project/LIUZHUANG/NC/nacos/distribution/conf

2020-08-19 19:28:07,449 INFO Nacos Log files: /Users/liuzhuang/Project/LIUZHUANG/NC/nacos/distribution/data

2020-08-19 19:28:07,449 INFO Nacos started successfully in stand alone mode. use embedded storage

2020-08-19 19:28:26,663 INFO Initializing Servlet 'dispatcherServlet'

2020-08-19 19:28:26,708 INFO Completed initialization in 44 ms

2020-08-19 21:09:24,307 WARN [NotifyCenter] Start destroying Publisher

2020-08-19 21:09:24,308 WARN [ThreadPoolManager] Start destroying ThreadPool

2020-08-19 21:09:24,308 WARN [NotifyCenter] Destruction of the end

2020-08-19 21:09:24,326 INFO Shutting down ExecutorService 'taskScheduler'

2020-08-19 21:09:24,330 INFO Shutting down ExecutorService 'applicationTaskExecutor'

